<?xml version="1.0" encoding="UTF-8"?>
<testng-results skipped="0" failed="0" total="1" passed="1">
  <reporter-output>
  </reporter-output>
  <suite name="Default suite" duration-ms="1000" started-at="2019-05-27T03:06:24Z" finished-at="2019-05-27T03:06:25Z">
    <groups>
      <group name="cucumber">
        <method signature="AbstractTestNGCucumberTests.feature(cucumber.api.testng.CucumberFeatureWrapper)[pri:0, instance:TestRunner.Runner@42dafa95]" name="feature" class="cucumber.api.testng.AbstractTestNGCucumberTests"/>
      </group> <!-- cucumber -->
    </groups>
    <test name="Default test" duration-ms="1000" started-at="2019-05-27T03:06:24Z" finished-at="2019-05-27T03:06:25Z">
      <class name="TestRunner.Runner">
        <test-method status="PASS" signature="setUpClass()[pri:0, instance:TestRunner.Runner@42dafa95]" name="setUpClass" is-config="true" duration-ms="226" started-at="2019-05-27T08:36:24Z" finished-at="2019-05-27T08:36:24Z">
          <reporter-output>
          </reporter-output>
        </test-method> <!-- setUpClass -->
        <test-method status="PASS" signature="feature(cucumber.api.testng.CucumberFeatureWrapper)[pri:0, instance:TestRunner.Runner@42dafa95]" name="feature" duration-ms="301" started-at="2019-05-27T08:36:24Z" description="Runs Cucumber Feature" data-provider="features" finished-at="2019-05-27T08:36:25Z">
          <params>
            <param index="0">
              <value>
                <![CDATA[Title of your feature]]>
              </value>
            </param>
          </params>
          <reporter-output>
          </reporter-output>
        </test-method> <!-- feature -->
        <test-method status="PASS" signature="tearDownClass()[pri:0, instance:TestRunner.Runner@42dafa95]" name="tearDownClass" is-config="true" duration-ms="372" started-at="2019-05-27T08:36:25Z" finished-at="2019-05-27T08:36:25Z">
          <reporter-output>
          </reporter-output>
        </test-method> <!-- tearDownClass -->
      </class> <!-- TestRunner.Runner -->
    </test> <!-- Default test -->
  </suite> <!-- Default suite -->
</testng-results>
